{
  "RSpec": {
    "coverage": {
      "/Users/matthewblack/Desktop/scrollAPI/spec/models/article_spec.rb": [
        1,
        null,
        1,
        6,
        3,
        3,
        null,
        1,
        2,
        null,
        null,
        1,
        null,
        2,
        null,
        1,
        1,
        1,
        null,
        null,
        1,
        1,
        1,
        null,
        null,
        null,
        1,
        1,
        1,
        null,
        null,
        1,
        1,
        1,
        1,
        null,
        null,
        1,
        1,
        1,
        null,
        null,
        null,
        1,
        1,
        1,
        null,
        null,
        1,
        1,
        null,
        null,
        null,
        null,
        null
      ],
      "/Users/matthewblack/Desktop/scrollAPI/spec/rails_helper.rb": [
        null,
        1,
        null,
        1,
        1,
        null,
        1,
        1,
        null,
        1,
        null,
        null,
        null,
        null,
        null,
        null,
        null,
        null,
        null,
        null,
        null,
        null,
        null,
        null,
        null,
        null,
        null,
        1,
        null,
        1,
        null,
        1,
        null,
        null,
        null,
        null,
        1,
        null,
        null,
        null,
        null,
        null,
        null,
        null,
        null,
        null,
        null,
        null,
        null,
        null,
        null,
        1,
        null,
        null,
        1,
        null,
        null,
        null,
        null,
        1,
        1,
        1,
        1,
        null,
        null
      ],
      "/Users/matthewblack/Desktop/scrollAPI/config/environment.rb": [
        null,
        1,
        null,
        null,
        1
      ],
      "/Users/matthewblack/Desktop/scrollAPI/config/application.rb": [
        1,
        null,
        1,
        null,
        1,
        1,
        1,
        1,
        1,
        1,
        1,
        null,
        null,
        null,
        null,
        null,
        1,
        null,
        1,
        1,
        null,
        1,
        null,
        null,
        null,
        null,
        null,
        null,
        null,
        null,
        1,
        null,
        null
      ],
      "/Users/matthewblack/Desktop/scrollAPI/config/boot.rb": [
        1,
        null,
        1
      ],
      "/Users/matthewblack/Desktop/scrollAPI/config/environments/test.rb": [
        1,
        null,
        null,
        null,
        null,
        null,
        null,
        1,
        null,
        null,
        null,
        null,
        1,
        null,
        null,
        1,
        1,
        null,
        null,
        null,
        null,
        1,
        1,
        null,
        null,
        1,
        null,
        null,
        1,
        1,
        null,
        null,
        null,
        null,
        1,
        null,
        null,
        1,
        null,
        null,
        null,
        null
      ],
      "/Users/matthewblack/Desktop/scrollAPI/config/initializers/application_controller_renderer.rb": [
        null,
        null,
        null,
        null,
        null,
        null,
        null,
        null
      ],
      "/Users/matthewblack/Desktop/scrollAPI/config/initializers/backtrace_silencers.rb": [
        null,
        null,
        null,
        null,
        null,
        null,
        null
      ],
      "/Users/matthewblack/Desktop/scrollAPI/config/initializers/cors.rb": [
        null,
        null,
        null,
        null,
        null,
        null,
        null,
        null,
        null,
        null,
        null,
        null,
        null,
        null,
        null,
        null
      ],
      "/Users/matthewblack/Desktop/scrollAPI/config/initializers/filter_parameter_logging.rb": [
        null,
        null,
        null,
        1
      ],
      "/Users/matthewblack/Desktop/scrollAPI/config/initializers/inflections.rb": [
        null,
        null,
        null,
        null,
        null,
        null,
        null,
        null,
        null,
        null,
        null,
        null,
        null,
        null,
        null,
        null
      ],
      "/Users/matthewblack/Desktop/scrollAPI/config/initializers/mime_types.rb": [
        null,
        null,
        null,
        null
      ],
      "/Users/matthewblack/Desktop/scrollAPI/config/initializers/wrap_parameters.rb": [
        null,
        null,
        null,
        null,
        null,
        null,
        1,
        2,
        null,
        null,
        null,
        null,
        null,
        null
      ],
      "/Users/matthewblack/Desktop/scrollAPI/spec/factories/articles.rb": [
        1,
        null,
        1,
        null,
        null,
        null,
        null,
        null,
        null,
        null,
        null,
        null,
        null,
        null,
        1,
        1,
        1,
        null,
        null
      ],
      "/Users/matthewblack/Desktop/scrollAPI/spec/factories/scrollios.rb": [
        1,
        1,
        null,
        null,
        null
      ],
      "/Users/matthewblack/Desktop/scrollAPI/config/routes.rb": [
        1,
        null,
        1,
        1,
        null,
        null,
        null,
        null,
        null,
        null
      ],
      "/Users/matthewblack/Desktop/scrollAPI/spec/support/factory_bot.rb": [
        1,
        1,
        null
      ],
      "/Users/matthewblack/Desktop/scrollAPI/app/models/article.rb": [
        1,
        null,
        1,
        1,
        null,
        1,
        1,
        null,
        1,
        null,
        1,
        23,
        22,
        22,
        0,
        null,
        null,
        3,
        null,
        null,
        null,
        null,
        1,
        7,
        null,
        null,
        1,
        8,
        8,
        8,
        null,
        null,
        1,
        9,
        9,
        9,
        null,
        9,
        9,
        0,
        0,
        0,
        0,
        0,
        0,
        0,
        0,
        0,
        0,
        0,
        0,
        0,
        0,
        0,
        0,
        0,
        0,
        null,
        0,
        null,
        null,
        9,
        9,
        411,
        null,
        9,
        null,
        null,
        null
      ],
      "/Users/matthewblack/Desktop/scrollAPI/app/models/application_record.rb": [
        1,
        1,
        null
      ],
      "/Users/matthewblack/Desktop/scrollAPI/spec/models/scrollio_spec.rb": [
        1,
        null,
        1,
        2,
        3,
        2,
        null,
        1,
        2,
        null,
        null,
        1,
        1,
        1,
        1,
        1,
        1,
        null,
        null,
        1,
        1,
        null,
        null,
        null,
        null
      ],
      "/Users/matthewblack/Desktop/scrollAPI/app/models/scrollio.rb": [
        1,
        1,
        null,
        1,
        3,
        5,
        null,
        null,
        null,
        null
      ],
      "/Users/matthewblack/Desktop/scrollAPI/spec/requests/requests_spec.rb": [
        1,
        null,
        null,
        1,
        null,
        null,
        1,
        1,
        1,
        1,
        null,
        1,
        null,
        null,
        1,
        null,
        1,
        null,
        null,
        null,
        1,
        1,
        1,
        1,
        1,
        1,
        null,
        1,
        1,
        1,
        null,
        null,
        null,
        1,
        1,
        1,
        1,
        1,
        1,
        null,
        1,
        null,
        null,
        1,
        null,
        1,
        1,
        null,
        null,
        null,
        1,
        1,
        1,
        null,
        null,
        1,
        null,
        1,
        1,
        null,
        null,
        null,
        1,
        1,
        1,
        null,
        null,
        1,
        null,
        1,
        1,
        null,
        null,
        null,
        1,
        1,
        1,
        null,
        null,
        1,
        null,
        1,
        1,
        null,
        null,
        null,
        1,
        1,
        1,
        null,
        null,
        1,
        null,
        1,
        null,
        1,
        1,
        null,
        null,
        null,
        null
      ],
      "/Users/matthewblack/Desktop/scrollAPI/spec/routing/routes_spec.rb": [
        1,
        null,
        1,
        null,
        1,
        1,
        1,
        null,
        null,
        null,
        null,
        null,
        null,
        1,
        1,
        null,
        null,
        null,
        null,
        null,
        null,
        null,
        null,
        1,
        1,
        1,
        null,
        null,
        null,
        null,
        null,
        null,
        1,
        1,
        null,
        null,
        null,
        null,
        null,
        null,
        null,
        null,
        null
      ],
      "/Users/matthewblack/Desktop/scrollAPI/app/controllers/articles_controller.rb": [
        1,
        null,
        1,
        5,
        5,
        null,
        5,
        5,
        2,
        null,
        3,
        null,
        null,
        null,
        1,
        1,
        1,
        1,
        null,
        null,
        null
      ],
      "/Users/matthewblack/Desktop/scrollAPI/app/controllers/application_controller.rb": [
        1,
        1,
        null,
        null
      ],
      "/Users/matthewblack/Desktop/scrollAPI/app/controllers/concerns/response.rb": [
        1,
        1,
        6,
        null,
        null
      ],
      "/Users/matthewblack/Desktop/scrollAPI/app/controllers/scrollios_controller.rb": [
        1,
        null,
        1,
        1,
        1,
        null,
        null,
        1,
        1,
        1,
        1,
        null,
        null,
        null
      ]
    },
    "timestamp": 1510927275
  }
}
